Start testing: Mar 25 17:11 CST
----------------------------------------------------------
1/39 Testing: compile with bug-checkers
1/39 Test: compile with bug-checkers
Command: "/usr/bin/cmake" "--build" "/home/azure/code/minnow/build" "-t" "functionality_testing" "webget"
Directory: /home/azure/code/minnow/build
"compile with bug-checkers" start time: Mar 25 17:11 CST
Output:
----------------------------------------------------------
make[4]: 警告: 子 make 中强制 -j12: 重置 jobserver 模式。
[  1%] [32mBuilding CXX object src/CMakeFiles/minnow_sanitized.dir/reassembler.cc.o[0m
[ 11%] Built target util_debug
[ 13%] [32mBuilding CXX object src/CMakeFiles/minnow_debug.dir/reassembler.cc.o[0m
[ 16%] Built target minnow_testing_debug
[ 17%] Built target minnow_testing_sanitized
[ 27%] Built target util_sanitized
[ 29%] [32m[1mLinking CXX static library libminnow_debug.a[0m
[ 31%] Built target minnow_debug
[ 32%] [32mBuilding CXX object tests/CMakeFiles/reassembler_single.dir/reassembler_single.cc.o[0m
[ 34%] [32m[1mLinking CXX executable byte_stream_capacity[0m
[ 35%] [32m[1mLinking CXX executable byte_stream_one_write[0m
[ 36%] [32m[1mLinking CXX executable byte_stream_two_writes[0m
[ 37%] [32m[1mLinking CXX executable byte_stream_many_writes[0m
[ 39%] [32m[1mLinking CXX executable byte_stream_basics[0m
[ 40%] [32m[1mLinking CXX executable byte_stream_stress_test[0m
[ 43%] [32mBuilding CXX object tests/CMakeFiles/reassembler_dup.dir/reassembler_dup.cc.o[0m
[ 43%] [32mBuilding CXX object tests/CMakeFiles/reassembler_seq.dir/reassembler_seq.cc.o[0m
[ 44%] [32mBuilding CXX object tests/CMakeFiles/reassembler_win.dir/reassembler_win.cc.o[0m
[ 45%] [32mBuilding CXX object tests/CMakeFiles/reassembler_cap.dir/reassembler_cap.cc.o[0m
[ 46%] Built target byte_stream_capacity
[ 48%] Built target byte_stream_stress_test
[ 49%] Built target byte_stream_many_writes
[ 49%] Built target byte_stream_basics
[ 50%] Built target byte_stream_one_write
[ 51%] Built target byte_stream_two_writes
[ 53%] [32m[1mLinking CXX static library libminnow_sanitized.a[0m
[ 54%] [32mBuilding CXX object tests/CMakeFiles/reassembler_overlapping.dir/reassembler_overlapping.cc.o[0m
[ 55%] [32mBuilding CXX object tests/CMakeFiles/reassembler_holes.dir/reassembler_holes.cc.o[0m
[ 58%] Built target minnow_sanitized
[ 60%] [32m[1mLinking CXX executable byte_stream_two_writes_sanitized[0m
[ 60%] [32m[1mLinking CXX executable byte_stream_capacity_sanitized[0m
[ 62%] [32m[1mLinking CXX executable byte_stream_one_write_sanitized[0m
[ 63%] [32m[1mLinking CXX executable byte_stream_many_writes_sanitized[0m
[ 64%] [32m[1mLinking CXX executable byte_stream_basics_sanitized[0m
[ 65%] Built target byte_stream_two_writes_sanitized
[ 67%] Built target byte_stream_capacity_sanitized
[ 68%] Built target byte_stream_many_writes_sanitized
[ 69%] [32m[1mLinking CXX executable byte_stream_stress_test_sanitized[0m
[ 70%] Built target byte_stream_one_write_sanitized
[ 74%] [32mBuilding CXX object tests/CMakeFiles/reassembler_single_sanitized.dir/reassembler_single.cc.o[0m
[ 74%] [32mBuilding CXX object tests/CMakeFiles/reassembler_cap_sanitized.dir/reassembler_cap.cc.o[0m
[ 74%] Built target byte_stream_basics_sanitized
[ 75%] [32mBuilding CXX object tests/CMakeFiles/reassembler_seq_sanitized.dir/reassembler_seq.cc.o[0m
[ 77%] [32mBuilding CXX object tests/CMakeFiles/reassembler_dup_sanitized.dir/reassembler_dup.cc.o[0m
[ 78%] Built target byte_stream_stress_test_sanitized
[ 79%] [32mBuilding CXX object tests/CMakeFiles/reassembler_holes_sanitized.dir/reassembler_holes.cc.o[0m
[ 81%] [32m[1mLinking CXX executable reassembler_single[0m
[ 81%] Built target reassembler_single
[ 82%] [32m[1mLinking CXX executable reassembler_seq[0m
[ 83%] [32mBuilding CXX object tests/CMakeFiles/reassembler_overlapping_sanitized.dir/reassembler_overlapping.cc.o[0m
[ 84%] [32m[1mLinking CXX executable reassembler_cap[0m
[ 86%] [32m[1mLinking CXX executable reassembler_holes[0m
[ 86%] Built target reassembler_seq
[ 87%] [32mBuilding CXX object tests/CMakeFiles/reassembler_win_sanitized.dir/reassembler_win.cc.o[0m
[ 87%] Built target reassembler_cap
[ 88%] [32m[1mLinking CXX executable reassembler_overlapping[0m
[ 88%] Built target reassembler_holes
[ 89%] [32m[1mLinking CXX executable reassembler_dup[0m
[ 89%] Built target reassembler_overlapping
[ 91%] [32m[1mLinking CXX executable reassembler_win[0m
[ 91%] Built target reassembler_dup
[ 91%] Built target reassembler_win
[ 92%] [32m[1mLinking CXX executable reassembler_holes_sanitized[0m
[ 92%] Built target reassembler_holes_sanitized
[ 93%] [32m[1mLinking CXX executable reassembler_dup_sanitized[0m
[ 93%] Built target reassembler_dup_sanitized
[ 94%] [32m[1mLinking CXX executable reassembler_single_sanitized[0m
[ 96%] [32m[1mLinking CXX executable reassembler_seq_sanitized[0m
[ 96%] Built target reassembler_seq_sanitized
[ 96%] Built target reassembler_single_sanitized
[ 97%] [32m[1mLinking CXX executable reassembler_cap_sanitized[0m
[ 97%] Built target reassembler_cap_sanitized
[ 98%] [32m[1mLinking CXX executable reassembler_win_sanitized[0m
[ 98%] Built target reassembler_win_sanitized
[100%] [32m[1mLinking CXX executable reassembler_overlapping_sanitized[0m
[100%] Built target reassembler_overlapping_sanitized
[100%] Built target functionality_testing
[ 25%] Built target minnow_debug
[ 37%] Built target stream_copy
[ 87%] Built target util_debug
[ 93%] [32m[1mLinking CXX executable webget[0m
[100%] Built target webget
<end of output>
Test time =   6.41 sec
----------------------------------------------------------
Test Passed.
"compile with bug-checkers" end time: Mar 25 17:11 CST
"compile with bug-checkers" time elapsed: 00:00:06
----------------------------------------------------------

3/39 Testing: byte_stream_basics
3/39 Test: byte_stream_basics
Command: "/home/azure/code/minnow/build/tests/byte_stream_basics_sanitized"
Directory: /home/azure/code/minnow/build
"byte_stream_basics" start time: Mar 25 17:11 CST
Output:
----------------------------------------------------------
<end of output>
Test time =   0.02 sec
----------------------------------------------------------
Test Passed.
"byte_stream_basics" end time: Mar 25 17:11 CST
"byte_stream_basics" time elapsed: 00:00:00
----------------------------------------------------------

4/39 Testing: byte_stream_capacity
4/39 Test: byte_stream_capacity
Command: "/home/azure/code/minnow/build/tests/byte_stream_capacity_sanitized"
Directory: /home/azure/code/minnow/build
"byte_stream_capacity" start time: Mar 25 17:11 CST
Output:
----------------------------------------------------------
<end of output>
Test time =   0.02 sec
----------------------------------------------------------
Test Passed.
"byte_stream_capacity" end time: Mar 25 17:11 CST
"byte_stream_capacity" time elapsed: 00:00:00
----------------------------------------------------------

5/39 Testing: byte_stream_one_write
5/39 Test: byte_stream_one_write
Command: "/home/azure/code/minnow/build/tests/byte_stream_one_write_sanitized"
Directory: /home/azure/code/minnow/build
"byte_stream_one_write" start time: Mar 25 17:11 CST
Output:
----------------------------------------------------------
<end of output>
Test time =   0.02 sec
----------------------------------------------------------
Test Passed.
"byte_stream_one_write" end time: Mar 25 17:11 CST
"byte_stream_one_write" time elapsed: 00:00:00
----------------------------------------------------------

6/39 Testing: byte_stream_two_writes
6/39 Test: byte_stream_two_writes
Command: "/home/azure/code/minnow/build/tests/byte_stream_two_writes_sanitized"
Directory: /home/azure/code/minnow/build
"byte_stream_two_writes" start time: Mar 25 17:11 CST
Output:
----------------------------------------------------------
<end of output>
Test time =   0.02 sec
----------------------------------------------------------
Test Passed.
"byte_stream_two_writes" end time: Mar 25 17:11 CST
"byte_stream_two_writes" time elapsed: 00:00:00
----------------------------------------------------------

7/39 Testing: byte_stream_many_writes
7/39 Test: byte_stream_many_writes
Command: "/home/azure/code/minnow/build/tests/byte_stream_many_writes_sanitized"
Directory: /home/azure/code/minnow/build
"byte_stream_many_writes" start time: Mar 25 17:11 CST
Output:
----------------------------------------------------------
<end of output>
Test time =   0.09 sec
----------------------------------------------------------
Test Passed.
"byte_stream_many_writes" end time: Mar 25 17:11 CST
"byte_stream_many_writes" time elapsed: 00:00:00
----------------------------------------------------------

8/39 Testing: byte_stream_stress_test
8/39 Test: byte_stream_stress_test
Command: "/home/azure/code/minnow/build/tests/byte_stream_stress_test_sanitized"
Directory: /home/azure/code/minnow/build
"byte_stream_stress_test" start time: Mar 25 17:11 CST
Output:
----------------------------------------------------------
<end of output>
Test time =   0.03 sec
----------------------------------------------------------
Test Passed.
"byte_stream_stress_test" end time: Mar 25 17:11 CST
"byte_stream_stress_test" time elapsed: 00:00:00
----------------------------------------------------------

9/39 Testing: reassembler_single
9/39 Test: reassembler_single
Command: "/home/azure/code/minnow/build/tests/reassembler_single_sanitized"
Directory: /home/azure/code/minnow/build
"reassembler_single" start time: Mar 25 17:11 CST
Output:
----------------------------------------------------------
<end of output>
Test time =   0.02 sec
----------------------------------------------------------
Test Passed.
"reassembler_single" end time: Mar 25 17:11 CST
"reassembler_single" time elapsed: 00:00:00
----------------------------------------------------------

10/39 Testing: reassembler_cap
10/39 Test: reassembler_cap
Command: "/home/azure/code/minnow/build/tests/reassembler_cap_sanitized"
Directory: /home/azure/code/minnow/build
"reassembler_cap" start time: Mar 25 17:11 CST
Output:
----------------------------------------------------------
<end of output>
Test time =   0.02 sec
----------------------------------------------------------
Test Passed.
"reassembler_cap" end time: Mar 25 17:11 CST
"reassembler_cap" time elapsed: 00:00:00
----------------------------------------------------------

11/39 Testing: reassembler_seq
11/39 Test: reassembler_seq
Command: "/home/azure/code/minnow/build/tests/reassembler_seq_sanitized"
Directory: /home/azure/code/minnow/build
"reassembler_seq" start time: Mar 25 17:11 CST
Output:
----------------------------------------------------------
<end of output>
Test time =   0.04 sec
----------------------------------------------------------
Test Passed.
"reassembler_seq" end time: Mar 25 17:11 CST
"reassembler_seq" time elapsed: 00:00:00
----------------------------------------------------------

12/39 Testing: reassembler_dup
12/39 Test: reassembler_dup
Command: "/home/azure/code/minnow/build/tests/reassembler_dup_sanitized"
Directory: /home/azure/code/minnow/build
"reassembler_dup" start time: Mar 25 17:11 CST
Output:
----------------------------------------------------------
<end of output>
Test time =   0.08 sec
----------------------------------------------------------
Test Passed.
"reassembler_dup" end time: Mar 25 17:11 CST
"reassembler_dup" time elapsed: 00:00:00
----------------------------------------------------------

13/39 Testing: reassembler_holes
13/39 Test: reassembler_holes
Command: "/home/azure/code/minnow/build/tests/reassembler_holes_sanitized"
Directory: /home/azure/code/minnow/build
"reassembler_holes" start time: Mar 25 17:11 CST
Output:
----------------------------------------------------------
<end of output>
Test time =   0.02 sec
----------------------------------------------------------
Test Passed.
"reassembler_holes" end time: Mar 25 17:11 CST
"reassembler_holes" time elapsed: 00:00:00
----------------------------------------------------------

14/39 Testing: reassembler_overlapping
14/39 Test: reassembler_overlapping
Command: "/home/azure/code/minnow/build/tests/reassembler_overlapping_sanitized"
Directory: /home/azure/code/minnow/build
"reassembler_overlapping" start time: Mar 25 17:11 CST
Output:
----------------------------------------------------------
<end of output>
Test time =   0.02 sec
----------------------------------------------------------
Test Passed.
"reassembler_overlapping" end time: Mar 25 17:11 CST
"reassembler_overlapping" time elapsed: 00:00:00
----------------------------------------------------------

15/39 Testing: reassembler_win
15/39 Test: reassembler_win
Command: "/home/azure/code/minnow/build/tests/reassembler_win_sanitized"
Directory: /home/azure/code/minnow/build
"reassembler_win" start time: Mar 25 17:11 CST
Output:
----------------------------------------------------------
<end of output>
Test time =   8.28 sec
----------------------------------------------------------
Test Passed.
"reassembler_win" end time: Mar 25 17:12 CST
"reassembler_win" time elapsed: 00:00:08
----------------------------------------------------------

37/39 Testing: compile with optimization
37/39 Test: compile with optimization
Command: "/usr/bin/cmake" "--build" "/home/azure/code/minnow/build" "-t" "speed_testing"
Directory: /home/azure/code/minnow/build
"compile with optimization" start time: Mar 25 17:12 CST
Output:
----------------------------------------------------------
make[4]: 警告: 子 make 中强制 -j12: 重置 jobserver 模式。
[ 21%] [32mBuilding CXX object src/CMakeFiles/minnow_optimized.dir/byte_stream_helpers.cc.o[0m
[ 21%] [32mBuilding CXX object src/CMakeFiles/minnow_optimized.dir/reassembler.cc.o[0m
[ 21%] [32mBuilding CXX object src/CMakeFiles/minnow_optimized.dir/byte_stream.cc.o[0m
[ 28%] [32mBuilding CXX object util/CMakeFiles/util_optimized.dir/eventloop.cc.o[0m
[ 35%] [32mBuilding CXX object util/CMakeFiles/util_optimized.dir/address.cc.o[0m
[ 42%] [32mBuilding CXX object util/CMakeFiles/util_optimized.dir/socket.cc.o[0m
[ 42%] [32m[1mLinking CXX static library libminnow_optimized.a[0m
[ 42%] Built target minnow_optimized
[ 50%] [32m[1mLinking CXX static library libutil_optimized.a[0m
[ 78%] Built target util_optimized
[ 85%] [32mBuilding CXX object tests/CMakeFiles/reassembler_speed_test.dir/reassembler_speed_test.cc.o[0m
[ 92%] [32mBuilding CXX object tests/CMakeFiles/byte_stream_speed_test.dir/byte_stream_speed_test.cc.o[0m
[100%] [32m[1mLinking CXX executable byte_stream_speed_test[0m
[100%] Built target byte_stream_speed_test
[100%] [32m[1mLinking CXX executable reassembler_speed_test[0m
[100%] Built target reassembler_speed_test
[100%] Built target speed_testing
<end of output>
Test time =   4.57 sec
----------------------------------------------------------
Test Passed.
"compile with optimization" end time: Mar 25 17:12 CST
"compile with optimization" time elapsed: 00:00:04
----------------------------------------------------------

38/39 Testing: byte_stream_speed_test
38/39 Test: byte_stream_speed_test
Command: "/home/azure/code/minnow/build/tests/byte_stream_speed_test"
Directory: /home/azure/code/minnow/build
"byte_stream_speed_test" start time: Mar 25 17:12 CST
Output:
----------------------------------------------------------
ByteStream with capacity=32768, write_size=1500, read_size=128 reached 2.87 Gbit/s.
<end of output>
Test time =   0.16 sec
----------------------------------------------------------
Test Passed.
"byte_stream_speed_test" end time: Mar 25 17:12 CST
"byte_stream_speed_test" time elapsed: 00:00:00
----------------------------------------------------------

39/39 Testing: reassembler_speed_test
39/39 Test: reassembler_speed_test
Command: "/home/azure/code/minnow/build/tests/reassembler_speed_test"
Directory: /home/azure/code/minnow/build
"reassembler_speed_test" start time: Mar 25 17:12 CST
Output:
----------------------------------------------------------
Reassembler to ByteStream with capacity=1500 reached 0.27 Gbit/s.
<end of output>
Test time =   0.67 sec
----------------------------------------------------------
Test Passed.
"reassembler_speed_test" end time: Mar 25 17:12 CST
"reassembler_speed_test" time elapsed: 00:00:00
----------------------------------------------------------

End testing: Mar 25 17:12 CST
